Flow report for SingleCyceProcessor
Wed Mar 18 14:09:01 2026
Quartus II 32-bit Version 13.0.1 Build 232 06/12/2013 Service Pack 1 SJ Web Edition


---------------------
; Table of Contents ;
---------------------
  1. Legal Notice
  2. Flow Summary
  3. Flow Settings
  4. Flow Non-Default Global Settings
  5. Flow Elapsed Time
  6. Flow OS Summary
  7. Flow Log
  8. Flow Messages
  9. Flow Suppressed Messages



----------------
; Legal Notice ;
----------------
Copyright (C) 1991-2013 Altera Corporation
Your use of Altera Corporation's design tools, logic functions 
and other software and tools, and its AMPP partner logic 
functions, and any output files from any of the foregoing 
(including device programming or simulation files), and any 
associated documentation or information are expressly subject 
to the terms and conditions of the Altera Program License 
Subscription Agreement, Altera MegaCore Function License 
Agreement, or other applicable license agreement, including, 
without limitation, that your use is for the sole purpose of 
programming logic devices manufactured by Altera and sold by 
Altera or its authorized distributors.  Please refer to the 
applicable agreement for further details.



+--------------------------------------------------------------------------------------+
; Flow Summary                                                                         ;
+------------------------------------+-------------------------------------------------+
; Flow Status                        ; Successful - Wed Mar 18 14:09:01 2026           ;
; Quartus II 32-bit Version          ; 13.0.1 Build 232 06/12/2013 SP 1 SJ Web Edition ;
; Revision Name                      ; SingleCyceProcessor                             ;
; Top-level Entity Name              ; singleCycleProc                                 ;
; Family                             ; Cyclone IV E                                    ;
; Device                             ; EP4CE115F29C7                                   ;
; Timing Models                      ; Final                                           ;
; Total logic elements               ; 275 / 114,480 ( < 1 % )                         ;
;     Total combinational functions  ; 254 / 114,480 ( < 1 % )                         ;
;     Dedicated logic registers      ; 72 / 114,480 ( < 1 % )                          ;
; Total registers                    ; 72                                              ;
; Total pins                         ; 49 / 529 ( 9 % )                                ;
; Total virtual pins                 ; 0                                               ;
; Total memory bits                  ; 10,240 / 3,981,312 ( < 1 % )                    ;
; Embedded Multiplier 9-bit elements ; 0 / 532 ( 0 % )                                 ;
; Total PLLs                         ; 0 / 4 ( 0 % )                                   ;
+------------------------------------+-------------------------------------------------+


+-----------------------------------------+
; Flow Settings                           ;
+-------------------+---------------------+
; Option            ; Setting             ;
+-------------------+---------------------+
; Start date & time ; 03/18/2026 14:07:20 ;
; Main task         ; Compilation         ;
; Revision Name     ; SingleCyceProcessor ;
+-------------------+---------------------+


+--------------------------------------------------------------------------------------------------------------------------------------+
; Flow Non-Default Global Settings                                                                                                     ;
+-------------------------------------+---------------------------------------+---------------------+-----------------+----------------+
; Assignment Name                     ; Value                                 ; Default Value       ; Entity Name     ; Section Id     ;
+-------------------------------------+---------------------------------------+---------------------+-----------------+----------------+
; COMPILER_SIGNATURE_ID               ; 181124906747584.177385723902540       ; --                  ; --              ; --             ;
; EDA_GENERATE_FUNCTIONAL_NETLIST     ; On                                    ; --                  ; --              ; eda_simulation ;
; EDA_OUTPUT_DATA_FORMAT              ; Verilog Hdl                           ; --                  ; --              ; eda_simulation ;
; EDA_SIMULATION_TOOL                 ; ModelSim-Altera (Verilog)             ; <None>              ; --              ; --             ;
; MAX_CORE_JUNCTION_TEMP              ; 85                                    ; --                  ; --              ; --             ;
; MIN_CORE_JUNCTION_TEMP              ; 0                                     ; --                  ; --              ; --             ;
; PARTITION_COLOR                     ; 16764057                              ; --                  ; singleCycleProc ; Top            ;
; PARTITION_FITTER_PRESERVATION_LEVEL ; PLACEMENT_AND_ROUTING                 ; --                  ; singleCycleProc ; Top            ;
; PARTITION_NETLIST_TYPE              ; SOURCE                                ; --                  ; singleCycleProc ; Top            ;
; POWER_BOARD_THERMAL_MODEL           ; None (CONSERVATIVE)                   ; --                  ; --              ; --             ;
; POWER_PRESET_COOLING_SOLUTION       ; 23 MM HEAT SINK WITH 200 LFPM AIRFLOW ; --                  ; --              ; --             ;
; TOP_LEVEL_ENTITY                    ; singleCycleProc                       ; SingleCyceProcessor ; --              ; --             ;
+-------------------------------------+---------------------------------------+---------------------+-----------------+----------------+


+-------------------------------------------------------------------------------------------------------------------------------+
; Flow Elapsed Time                                                                                                             ;
+---------------------------+--------------+-------------------------+---------------------+------------------------------------+
; Module Name               ; Elapsed Time ; Average Processors Used ; Peak Virtual Memory ; Total CPU Time (on all processors) ;
+---------------------------+--------------+-------------------------+---------------------+------------------------------------+
; Analysis & Synthesis      ; 00:00:12     ; 1.0                     ; 431 MB              ; 00:00:07                           ;
; Fitter                    ; 00:00:54     ; 1.0                     ; 724 MB              ; 00:00:22                           ;
; Assembler                 ; 00:00:08     ; 1.0                     ; 402 MB              ; 00:00:07                           ;
; TimeQuest Timing Analyzer ; 00:00:10     ; 1.0                     ; 451 MB              ; 00:00:06                           ;
; EDA Netlist Writer        ; 00:00:02     ; 1.0                     ; 355 MB              ; 00:00:01                           ;
; Total                     ; 00:01:26     ; --                      ; --                  ; 00:00:43                           ;
+---------------------------+--------------+-------------------------+---------------------+------------------------------------+


+----------------------------------------------------------------------------------------+
; Flow OS Summary                                                                        ;
+---------------------------+------------------+-----------+------------+----------------+
; Module Name               ; Machine Hostname ; OS Name   ; OS Version ; Processor type ;
+---------------------------+------------------+-----------+------------+----------------+
; Analysis & Synthesis      ; 1850-B402S103    ; Windows 7 ; 6.2        ; x86_64         ;
; Fitter                    ; 1850-B402S103    ; Windows 7 ; 6.2        ; x86_64         ;
; Assembler                 ; 1850-B402S103    ; Windows 7 ; 6.2        ; x86_64         ;
; TimeQuest Timing Analyzer ; 1850-B402S103    ; Windows 7 ; 6.2        ; x86_64         ;
; EDA Netlist Writer        ; 1850-B402S103    ; Windows 7 ; 6.2        ; x86_64         ;
+---------------------------+------------------+-----------+------------+----------------+


------------
; Flow Log ;
------------
quartus_map --read_settings_files=on --write_settings_files=off SingleCyceProcessor -c SingleCyceProcessor
quartus_fit --read_settings_files=off --write_settings_files=off SingleCyceProcessor -c SingleCyceProcessor
quartus_asm --read_settings_files=off --write_settings_files=off SingleCyceProcessor -c SingleCyceProcessor
quartus_sta SingleCyceProcessor -c SingleCyceProcessor
quartus_eda --read_settings_files=off --write_settings_files=off SingleCyceProcessor -c SingleCyceProcessor



